<?xml version="1.0" encoding="UTF-8"?>
<testng-results ignored="0" total="1" passed="1" failed="0" skipped="0">
  <reporter-output>
  </reporter-output>
  <suite started-at="2024-03-25T06:54:27Z" name="Default suite" finished-at="2024-03-25T06:54:38Z" duration-ms="11602">
    <groups>
    </groups>
    <test started-at="2024-03-25T06:54:27Z" name="Default test" finished-at="2024-03-25T06:54:38Z" duration-ms="11602">
      <class name="com.TestNGDemos.TASS1">
        <test-method is-config="true" signature="beforeTest()[pri:0, instance:com.TestNGDemos.TASS1@6440112d]" started-at="2024-03-25T12:24:27Z" name="beforeTest" finished-at="2024-03-25T12:24:31Z" duration-ms="4408" status="PASS">
          <reporter-output>
          </reporter-output>
        </test-method> <!-- beforeTest -->
        <test-method signature="login()[pri:0, instance:com.TestNGDemos.TASS1@6440112d]" started-at="2024-03-25T12:24:31Z" name="login" finished-at="2024-03-25T12:24:38Z" duration-ms="6992" status="PASS">
          <reporter-output>
          </reporter-output>
        </test-method> <!-- login -->
        <test-method is-config="true" signature="logout()[pri:0, instance:com.TestNGDemos.TASS1@6440112d]" started-at="2024-03-25T12:24:38Z" name="logout" finished-at="2024-03-25T12:24:38Z" duration-ms="1" status="PASS">
          <reporter-output>
          </reporter-output>
        </test-method> <!-- logout -->
        <test-method is-config="true" signature="afterTest()[pri:0, instance:com.TestNGDemos.TASS1@6440112d]" started-at="2024-03-25T12:24:38Z" name="afterTest" finished-at="2024-03-25T12:24:38Z" duration-ms="167" status="PASS">
          <reporter-output>
          </reporter-output>
        </test-method> <!-- afterTest -->
      </class> <!-- com.TestNGDemos.TASS1 -->
    </test> <!-- Default test -->
  </suite> <!-- Default suite -->
</testng-results>
